<?xml version="1.0" encoding="UTF-8"?>
<!-- Generated by org.testng.reporters.JUnitXMLReporter -->
<testsuite ignored="0" hostname="LTIN271692" failures="0" tests="3" name="Default test" time="82.658" errors="0" timestamp="2024-02-22T09:41:40 IST">
  <testcase classname="TestCases.IdentifyBikes" name="upcomming_newBikes" time="11.339"/>
  <testcase classname="TestCases.IdentifyBikes" name="used_cars" time="41.264"/>
  <testcase classname="TestCases.IdentifyBikes" name="googleLogIn" time="13.225"/>
</testsuite> <!-- Default test -->
