<?xml version="1.0" encoding="UTF-8"?>
<!-- Generated by org.testng.reporters.JUnitXMLReporter -->
<testsuite ignored="0" hostname="LTIN271692" failures="0" tests="11" name="chromeTest" time="111.69" errors="0" timestamp="2024-02-26T13:02:52 IST">
  <testcase classname="TestCases.IdentifyBikes" name="upcomingMenu" time="1.142"/>
  <testcase classname="TestCases.IdentifyBikes" name="choose_manu" time="0.897"/>
  <testcase classname="TestCases.IdentifyBikes" name="verify_head" time="0.14"/>
  <testcase classname="TestCases.IdentifyBikes" name="display_bikes" time="9.257"/>
  <testcase classname="TestCases.Identify_UsedCars" name="usedCars_menu" time="49.576"/>
  <testcase classname="TestCases.Identify_UsedCars" name="verify_head" time="0.066"/>
  <testcase classname="TestCases.Identify_UsedCars" name="display_cars" time="5.167"/>
  <testcase classname="TestCases.LogInGoogle" name="click_login" time="5.638"/>
  <testcase classname="TestCases.LogInGoogle" name="click_google_opt" time="2.22"/>
  <testcase classname="TestCases.LogInGoogle" name="verify_LoginPage" time="0.277"/>
  <testcase classname="TestCases.LogInGoogle" name="capture_msg" time="4.8"/>
</testsuite> <!-- chromeTest -->
