<?xml version="1.0" encoding="UTF-8"?>
<!-- Generated by org.testng.reporters.JUnitXMLReporter -->
<testsuite ignored="0" hostname="LTIN271692" failures="0" tests="14" name="chromeTest" time="72.575" errors="0" timestamp="2024-03-04T15:45:32 IST">
  <testcase classname="TestCases.IdentifyBikes" name="verify_url" time="0.345"/>
  <testcase classname="TestCases.IdentifyBikes" name="upcomingMenu" time="2.184"/>
  <testcase classname="TestCases.IdentifyBikes" name="choose_manu" time="1.612"/>
  <testcase classname="TestCases.IdentifyBikes" name="verify_head" time="0.406"/>
  <testcase classname="TestCases.IdentifyBikes" name="display_bikes" time="8.612"/>
  <testcase classname="TestCases.Identify_UsedCars" name="verify_url" time="0.029"/>
  <testcase classname="TestCases.Identify_UsedCars" name="usedCars_menu" time="4.714"/>
  <testcase classname="TestCases.Identify_UsedCars" name="verify_head" time="0.064"/>
  <testcase classname="TestCases.Identify_UsedCars" name="display_cars" time="4.341"/>
  <testcase classname="TestCases.LogInGoogle" name="verify_url" time="0.303"/>
  <testcase classname="TestCases.LogInGoogle" name="click_login" time="5.357"/>
  <testcase classname="TestCases.LogInGoogle" name="click_google_opt" time="0.397"/>
  <testcase classname="TestCases.LogInGoogle" name="verify_LoginPage" time="0.174"/>
  <testcase classname="TestCases.LogInGoogle" name="capture_msg" time="5.28"/>
</testsuite> <!-- chromeTest -->
