<?xml version="1.0" encoding="UTF-8"?>
<!-- Generated by org.testng.reporters.JUnitXMLReporter -->
<testsuite ignored="0" hostname="LTIN271692" failures="0" tests="11" name="edgeTest" time="240.449" errors="0" timestamp="2024-02-26T13:07:00 IST">
  <testcase classname="TestCases.IdentifyBikes" name="upcomingMenu" time="2.175"/>
  <testcase classname="TestCases.IdentifyBikes" name="choose_manu" time="1.525"/>
  <testcase classname="TestCases.IdentifyBikes" name="verify_head" time="0.282"/>
  <testcase classname="TestCases.IdentifyBikes" name="display_bikes" time="8.773"/>
  <testcase classname="TestCases.Identify_UsedCars" name="usedCars_menu" time="46.983"/>
  <testcase classname="TestCases.Identify_UsedCars" name="verify_head" time="0.066"/>
  <testcase classname="TestCases.Identify_UsedCars" name="display_cars" time="6.146"/>
  <testcase classname="TestCases.LogInGoogle" name="click_login" time="133.172"/>
  <testcase classname="TestCases.LogInGoogle" name="click_google_opt" time="2.211"/>
  <testcase classname="TestCases.LogInGoogle" name="verify_LoginPage" time="0.106"/>
  <testcase classname="TestCases.LogInGoogle" name="capture_msg" time="4.6"/>
</testsuite> <!-- edgeTest -->
