<?xml version="1.0" encoding="UTF-8"?>
<!-- Generated by org.testng.reporters.JUnitXMLReporter -->
<testsuite ignored="0" hostname="LTIN271692" failures="0" tests="14" name="edgeTest" time="96.771" errors="0" timestamp="2024-03-04T15:47:16 IST">
  <testcase classname="TestCases.IdentifyBikes" name="verify_url" time="0.05"/>
  <testcase classname="TestCases.IdentifyBikes" name="upcomingMenu" time="1.782"/>
  <testcase classname="TestCases.IdentifyBikes" name="choose_manu" time="1.825"/>
  <testcase classname="TestCases.IdentifyBikes" name="verify_head" time="0.312"/>
  <testcase classname="TestCases.IdentifyBikes" name="display_bikes" time="13.753"/>
  <testcase classname="TestCases.Identify_UsedCars" name="verify_url" time="0.122"/>
  <testcase classname="TestCases.Identify_UsedCars" name="usedCars_menu" time="5.702"/>
  <testcase classname="TestCases.Identify_UsedCars" name="verify_head" time="0.079"/>
  <testcase classname="TestCases.Identify_UsedCars" name="display_cars" time="6.028"/>
  <testcase classname="TestCases.LogInGoogle" name="verify_url" time="0.462"/>
  <testcase classname="TestCases.LogInGoogle" name="click_login" time="6.88"/>
  <testcase classname="TestCases.LogInGoogle" name="click_google_opt" time="0.712"/>
  <testcase classname="TestCases.LogInGoogle" name="verify_LoginPage" time="0.067"/>
  <testcase classname="TestCases.LogInGoogle" name="capture_msg" time="5.429"/>
</testsuite> <!-- edgeTest -->
