<?xml version="1.0" encoding="UTF-8"?>
<!-- Generated by org.testng.reporters.JUnitXMLReporter -->
<testsuite ignored="0" hostname="LTIN271692" failures="1" tests="14" name="Test" time="177.963" errors="0" timestamp="2024-03-05T09:19:19 IST">
  <testcase classname="TestCases.IdentifyBikes" name="verify_url" time="0.121"/>
  <testcase classname="TestCases.IdentifyBikes" name="upcomingMenu" time="1.629"/>
  <testcase classname="TestCases.IdentifyBikes" name="choose_manu" time="1.806"/>
  <testcase classname="TestCases.IdentifyBikes" name="verify_head" time="0.643"/>
  <testcase classname="TestCases.IdentifyBikes" name="display_bikes" time="8.502"/>
  <testcase classname="TestCases.Identify_UsedCars" name="verify_url" time="0.316"/>
  <testcase classname="TestCases.Identify_UsedCars" name="usedCars_menu" time="4.425"/>
  <testcase classname="TestCases.Identify_UsedCars" name="verify_head" time="0.083"/>
  <testcase classname="TestCases.Identify_UsedCars" name="display_cars" time="4.825"/>
  <testcase classname="TestCases.LogInGoogle" name="verify_url" time="0.325"/>
  <testcase classname="TestCases.LogInGoogle" name="click_login" time="4.317"/>
  <testcase classname="TestCases.LogInGoogle" name="click_google_opt" time="0.515"/>
  <testcase classname="TestCases.LogInGoogle" name="verify_LoginPage" time="10.048">
    <failure type="java.lang.AssertionError" message="null">
      <![CDATA[java.lang.AssertionError: null
at TestCases.LogInGoogle.verify_LoginPage(LogInGoogle.java:55)
at java.base/java.util.ArrayList.forEach(ArrayList.java:1511)
... Removed 29 stack frames]]>
    </failure>
  </testcase> <!-- verify_LoginPage -->
  <testcase classname="TestCases.LogInGoogle" name="capture_msg" time="5.279"/>
</testsuite> <!-- Test -->
