<?xml version="1.0" encoding="UTF-8"?>
<!-- Generated by org.testng.reporters.JUnitXMLReporter -->
<testsuite ignored="0" hostname="LTIN271692" failures="0" tests="11" name="Test" time="327.467" errors="0" timestamp="2024-02-27T12:08:27 IST">
  <testcase classname="TestCases.IdentifyBikes" name="upcomingMenu" time="3.18"/>
  <testcase classname="TestCases.IdentifyBikes" name="choose_manu" time="3.201"/>
  <testcase classname="TestCases.IdentifyBikes" name="verify_head" time="0.597"/>
  <testcase classname="TestCases.IdentifyBikes" name="display_bikes" time="16.834"/>
  <testcase classname="TestCases.Identify_UsedCars" name="usedCars_menu" time="87.896"/>
  <testcase classname="TestCases.Identify_UsedCars" name="verify_head" time="0.092"/>
  <testcase classname="TestCases.Identify_UsedCars" name="display_cars" time="6.743"/>
  <testcase classname="TestCases.LogInGoogle" name="click_login" time="5.688"/>
  <testcase classname="TestCases.LogInGoogle" name="click_google_opt" time="2.339"/>
  <testcase classname="TestCases.LogInGoogle" name="verify_LoginPage" time="0.241"/>
  <testcase classname="TestCases.LogInGoogle" name="capture_msg" time="4.869"/>
</testsuite> <!-- Test -->
