<?xml version="1.0" encoding="UTF-8"?>
<!-- Generated by org.testng.reporters.JUnitXMLReporter -->
<testsuite ignored="3" hostname="LTIN271692" failures="1" tests="1" name="Test(failed)" time="11.981" errors="0" timestamp="2024-02-23T17:32:16 IST">
  <testcase classname="TestCases.LogInGoogle" name="verify_LoginPage" time="0.016">
    <failure type="java.lang.NullPointerException" message="Cannot invoke &amp;quot;PageObject.GoogleSignIn.verify_LogInPage()&amp;quot; because &amp;quot;this.google&amp;quot; is null">
      <![CDATA[java.lang.NullPointerException: Cannot invoke "PageObject.GoogleSignIn.verify_LogInPage()" because "this.google" is null
at TestCases.LogInGoogle.verify_LoginPage(LogInGoogle.java:41)
at java.base/java.util.ArrayList.forEach(ArrayList.java:1511)
... Removed 27 stack frames]]>
    </failure>
  </testcase> <!-- verify_LoginPage -->
  <testcase classname="TestCases.LogInGoogle" name="click_login" time="0.0">
    <ignored/>
  </testcase> <!-- click_login -->
  <testcase classname="TestCases.LogInGoogle" name="capture_msg" time="0.0">
    <ignored/>
  </testcase> <!-- capture_msg -->
  <testcase classname="TestCases.LogInGoogle" name="click_google_opt" time="0.0">
    <ignored/>
  </testcase> <!-- click_google_opt -->
</testsuite> <!-- Test(failed) -->
