<?xml version="1.0" encoding="UTF-8"?>
<testng-results ignored="0" total="11" passed="11" failed="0" skipped="0">
  <reporter-output>
  </reporter-output>
  <suite started-at="2024-02-27T12:02:42 IST" name="Suite" finished-at="2024-02-27T12:08:10 IST" duration-ms="327467">
    <groups>
      <group name="regression">
        <method signature="IdentifyBikes.upcomingMenu()[pri:1, instance:TestCases.IdentifyBikes@55b699ef]" name="upcomingMenu" class="TestCases.IdentifyBikes"/>
        <method signature="Identify_UsedCars.usedCars_menu()[pri:1, instance:TestCases.Identify_UsedCars@4562e04d]" name="usedCars_menu" class="TestCases.Identify_UsedCars"/>
        <method signature="LogInGoogle.click_login()[pri:1, instance:TestCases.LogInGoogle@2a65fe7c]" name="click_login" class="TestCases.LogInGoogle"/>
        <method signature="IdentifyBikes.choose_manu()[pri:2, instance:TestCases.IdentifyBikes@55b699ef]" name="choose_manu" class="TestCases.IdentifyBikes"/>
        <method signature="Identify_UsedCars.verify_head()[pri:2, instance:TestCases.Identify_UsedCars@4562e04d]" name="verify_head" class="TestCases.Identify_UsedCars"/>
        <method signature="LogInGoogle.click_google_opt()[pri:2, instance:TestCases.LogInGoogle@2a65fe7c]" name="click_google_opt" class="TestCases.LogInGoogle"/>
        <method signature="IdentifyBikes.verify_head()[pri:3, instance:TestCases.IdentifyBikes@55b699ef]" name="verify_head" class="TestCases.IdentifyBikes"/>
        <method signature="Identify_UsedCars.display_cars()[pri:3, instance:TestCases.Identify_UsedCars@4562e04d]" name="display_cars" class="TestCases.Identify_UsedCars"/>
        <method signature="LogInGoogle.verify_LoginPage()[pri:3, instance:TestCases.LogInGoogle@2a65fe7c]" name="verify_LoginPage" class="TestCases.LogInGoogle"/>
        <method signature="IdentifyBikes.display_bikes()[pri:4, instance:TestCases.IdentifyBikes@55b699ef]" name="display_bikes" class="TestCases.IdentifyBikes"/>
        <method signature="LogInGoogle.capture_msg()[pri:4, instance:TestCases.LogInGoogle@2a65fe7c]" name="capture_msg" class="TestCases.LogInGoogle"/>
      </group> <!-- regression -->
      <group name="smoke">
        <method signature="IdentifyBikes.upcomingMenu()[pri:1, instance:TestCases.IdentifyBikes@55b699ef]" name="upcomingMenu" class="TestCases.IdentifyBikes"/>
        <method signature="Identify_UsedCars.usedCars_menu()[pri:1, instance:TestCases.Identify_UsedCars@4562e04d]" name="usedCars_menu" class="TestCases.Identify_UsedCars"/>
        <method signature="LogInGoogle.click_login()[pri:1, instance:TestCases.LogInGoogle@2a65fe7c]" name="click_login" class="TestCases.LogInGoogle"/>
        <method signature="IdentifyBikes.choose_manu()[pri:2, instance:TestCases.IdentifyBikes@55b699ef]" name="choose_manu" class="TestCases.IdentifyBikes"/>
      </group> <!-- smoke -->
    </groups>
    <test started-at="2024-02-27T12:02:42 IST" name="Test" finished-at="2024-02-27T12:08:10 IST" duration-ms="327467">
      <class name="TestCases.Identify_UsedCars">
        <test-method is-config="true" signature="getDriver(java.lang.String,java.lang.String)[pri:0, instance:TestCases.Identify_UsedCars@4562e04d]" started-at="2024-02-27T12:04:16 IST" name="getDriver" finished-at="2024-02-27T12:05:16 IST" duration-ms="60341" status="PASS">
          <params>
            <param index="0">
              <value>
                <![CDATA[Windows]]>
              </value>
            </param>
            <param index="1">
              <value>
                <![CDATA[Chrome]]>
              </value>
            </param>
          </params>
          <reporter-output>
          </reporter-output>
        </test-method> <!-- getDriver -->
        <test-method signature="usedCars_menu()[pri:1, instance:TestCases.Identify_UsedCars@4562e04d]" started-at="2024-02-27T12:05:16 IST" name="usedCars_menu" finished-at="2024-02-27T12:06:44 IST" duration-ms="87896" status="PASS">
          <reporter-output>
          </reporter-output>
        </test-method> <!-- usedCars_menu -->
        <test-method signature="verify_head()[pri:2, instance:TestCases.Identify_UsedCars@4562e04d]" started-at="2024-02-27T12:06:44 IST" name="verify_head" finished-at="2024-02-27T12:06:44 IST" duration-ms="92" status="PASS">
          <reporter-output>
          </reporter-output>
        </test-method> <!-- verify_head -->
        <test-method signature="display_cars()[pri:3, instance:TestCases.Identify_UsedCars@4562e04d]" started-at="2024-02-27T12:06:45 IST" name="display_cars" finished-at="2024-02-27T12:06:52 IST" duration-ms="6743" status="PASS">
          <reporter-output>
          </reporter-output>
        </test-method> <!-- display_cars -->
        <test-method is-config="true" signature="tearDown()[pri:0, instance:TestCases.Identify_UsedCars@4562e04d]" started-at="2024-02-27T12:06:52 IST" name="tearDown" finished-at="2024-02-27T12:06:53 IST" duration-ms="1392" status="PASS">
          <reporter-output>
          </reporter-output>
        </test-method> <!-- tearDown -->
      </class> <!-- TestCases.Identify_UsedCars -->
      <class name="TestCases.IdentifyBikes">
        <test-method is-config="true" signature="getDriver(java.lang.String,java.lang.String)[pri:0, instance:TestCases.IdentifyBikes@55b699ef]" started-at="2024-02-27T12:02:43 IST" name="getDriver" finished-at="2024-02-27T12:03:46 IST" duration-ms="63295" status="PASS">
          <params>
            <param index="0">
              <value>
                <![CDATA[Windows]]>
              </value>
            </param>
            <param index="1">
              <value>
                <![CDATA[Chrome]]>
              </value>
            </param>
          </params>
          <reporter-output>
          </reporter-output>
        </test-method> <!-- getDriver -->
        <test-method signature="upcomingMenu()[pri:1, instance:TestCases.IdentifyBikes@55b699ef]" started-at="2024-02-27T12:03:47 IST" name="upcomingMenu" finished-at="2024-02-27T12:03:50 IST" duration-ms="3180" status="PASS">
          <reporter-output>
          </reporter-output>
        </test-method> <!-- upcomingMenu -->
        <test-method signature="choose_manu()[pri:2, instance:TestCases.IdentifyBikes@55b699ef]" started-at="2024-02-27T12:03:50 IST" name="choose_manu" finished-at="2024-02-27T12:03:54 IST" duration-ms="3201" status="PASS">
          <reporter-output>
          </reporter-output>
        </test-method> <!-- choose_manu -->
        <test-method signature="verify_head()[pri:3, instance:TestCases.IdentifyBikes@55b699ef]" started-at="2024-02-27T12:03:54 IST" name="verify_head" finished-at="2024-02-27T12:03:55 IST" duration-ms="597" status="PASS">
          <reporter-output>
          </reporter-output>
        </test-method> <!-- verify_head -->
        <test-method signature="display_bikes()[pri:4, instance:TestCases.IdentifyBikes@55b699ef]" started-at="2024-02-27T12:03:55 IST" name="display_bikes" finished-at="2024-02-27T12:04:12 IST" duration-ms="16834" status="PASS">
          <reporter-output>
          </reporter-output>
        </test-method> <!-- display_bikes -->
        <test-method is-config="true" signature="tearDown()[pri:0, instance:TestCases.IdentifyBikes@55b699ef]" started-at="2024-02-27T12:04:13 IST" name="tearDown" finished-at="2024-02-27T12:04:16 IST" duration-ms="3080" status="PASS">
          <reporter-output>
          </reporter-output>
        </test-method> <!-- tearDown -->
      </class> <!-- TestCases.IdentifyBikes -->
      <class name="TestCases.LogInGoogle">
        <test-method is-config="true" signature="getDriver(java.lang.String,java.lang.String)[pri:0, instance:TestCases.LogInGoogle@2a65fe7c]" started-at="2024-02-27T12:06:53 IST" name="getDriver" finished-at="2024-02-27T12:07:54 IST" duration-ms="60930" status="PASS">
          <params>
            <param index="0">
              <value>
                <![CDATA[Windows]]>
              </value>
            </param>
            <param index="1">
              <value>
                <![CDATA[Chrome]]>
              </value>
            </param>
          </params>
          <reporter-output>
          </reporter-output>
        </test-method> <!-- getDriver -->
        <test-method signature="click_login()[pri:1, instance:TestCases.LogInGoogle@2a65fe7c]" started-at="2024-02-27T12:07:54 IST" name="click_login" finished-at="2024-02-27T12:08:00 IST" duration-ms="5688" status="PASS">
          <reporter-output>
          </reporter-output>
        </test-method> <!-- click_login -->
        <test-method signature="click_google_opt()[pri:2, instance:TestCases.LogInGoogle@2a65fe7c]" started-at="2024-02-27T12:08:00 IST" name="click_google_opt" finished-at="2024-02-27T12:08:02 IST" duration-ms="2339" status="PASS">
          <reporter-output>
          </reporter-output>
        </test-method> <!-- click_google_opt -->
        <test-method signature="verify_LoginPage()[pri:3, instance:TestCases.LogInGoogle@2a65fe7c]" started-at="2024-02-27T12:08:03 IST" name="verify_LoginPage" finished-at="2024-02-27T12:08:03 IST" duration-ms="241" status="PASS">
          <reporter-output>
          </reporter-output>
        </test-method> <!-- verify_LoginPage -->
        <test-method signature="capture_msg()[pri:4, instance:TestCases.LogInGoogle@2a65fe7c]" started-at="2024-02-27T12:08:03 IST" name="capture_msg" finished-at="2024-02-27T12:08:08 IST" duration-ms="4869" status="PASS">
          <reporter-output>
          </reporter-output>
        </test-method> <!-- capture_msg -->
        <test-method is-config="true" signature="tearDown()[pri:0, instance:TestCases.LogInGoogle@2a65fe7c]" started-at="2024-02-27T12:08:08 IST" name="tearDown" finished-at="2024-02-27T12:08:10 IST" duration-ms="1617" status="PASS">
          <reporter-output>
          </reporter-output>
        </test-method> <!-- tearDown -->
      </class> <!-- TestCases.LogInGoogle -->
    </test> <!-- Test -->
  </suite> <!-- Suite -->
</testng-results>
