<?xml version="1.0" encoding="UTF-8"?>
<testng-results ignored="0" total="14" passed="13" failed="1" skipped="0">
  <reporter-output>
  </reporter-output>
  <suite started-at="2024-03-05T09:16:13 IST" name="Suite" finished-at="2024-03-05T09:19:11 IST" duration-ms="177963">
    <groups>
      <group name="regression">
        <method signature="IdentifyBikes.verify_url()[pri:1, instance:TestCases.IdentifyBikes@24313fcc]" name="verify_url" class="TestCases.IdentifyBikes"/>
        <method signature="Identify_UsedCars.verify_url()[pri:1, instance:TestCases.Identify_UsedCars@2df3b89c]" name="verify_url" class="TestCases.Identify_UsedCars"/>
        <method signature="LogInGoogle.verify_url()[pri:1, instance:TestCases.LogInGoogle@23348b5d]" name="verify_url" class="TestCases.LogInGoogle"/>
        <method signature="IdentifyBikes.upcomingMenu()[pri:2, instance:TestCases.IdentifyBikes@24313fcc]" name="upcomingMenu" class="TestCases.IdentifyBikes"/>
        <method signature="Identify_UsedCars.usedCars_menu()[pri:2, instance:TestCases.Identify_UsedCars@2df3b89c]" name="usedCars_menu" class="TestCases.Identify_UsedCars"/>
        <method signature="LogInGoogle.click_login()[pri:2, instance:TestCases.LogInGoogle@23348b5d]" name="click_login" class="TestCases.LogInGoogle"/>
        <method signature="IdentifyBikes.choose_manu()[pri:3, instance:TestCases.IdentifyBikes@24313fcc]" name="choose_manu" class="TestCases.IdentifyBikes"/>
        <method signature="Identify_UsedCars.verify_head()[pri:3, instance:TestCases.Identify_UsedCars@2df3b89c]" name="verify_head" class="TestCases.Identify_UsedCars"/>
        <method signature="LogInGoogle.click_google_opt()[pri:3, instance:TestCases.LogInGoogle@23348b5d]" name="click_google_opt" class="TestCases.LogInGoogle"/>
        <method signature="IdentifyBikes.verify_head()[pri:4, instance:TestCases.IdentifyBikes@24313fcc]" name="verify_head" class="TestCases.IdentifyBikes"/>
        <method signature="Identify_UsedCars.display_cars()[pri:4, instance:TestCases.Identify_UsedCars@2df3b89c]" name="display_cars" class="TestCases.Identify_UsedCars"/>
        <method signature="LogInGoogle.verify_LoginPage()[pri:4, instance:TestCases.LogInGoogle@23348b5d]" name="verify_LoginPage" class="TestCases.LogInGoogle"/>
        <method signature="IdentifyBikes.display_bikes()[pri:5, instance:TestCases.IdentifyBikes@24313fcc]" name="display_bikes" class="TestCases.IdentifyBikes"/>
        <method signature="LogInGoogle.capture_msg()[pri:5, instance:TestCases.LogInGoogle@23348b5d]" name="capture_msg" class="TestCases.LogInGoogle"/>
      </group> <!-- regression -->
      <group name="sanity">
        <method signature="IdentifyBikes.verify_url()[pri:1, instance:TestCases.IdentifyBikes@24313fcc]" name="verify_url" class="TestCases.IdentifyBikes"/>
        <method signature="Identify_UsedCars.verify_url()[pri:1, instance:TestCases.Identify_UsedCars@2df3b89c]" name="verify_url" class="TestCases.Identify_UsedCars"/>
        <method signature="LogInGoogle.verify_url()[pri:1, instance:TestCases.LogInGoogle@23348b5d]" name="verify_url" class="TestCases.LogInGoogle"/>
        <method signature="IdentifyBikes.upcomingMenu()[pri:2, instance:TestCases.IdentifyBikes@24313fcc]" name="upcomingMenu" class="TestCases.IdentifyBikes"/>
        <method signature="Identify_UsedCars.usedCars_menu()[pri:2, instance:TestCases.Identify_UsedCars@2df3b89c]" name="usedCars_menu" class="TestCases.Identify_UsedCars"/>
        <method signature="LogInGoogle.click_login()[pri:2, instance:TestCases.LogInGoogle@23348b5d]" name="click_login" class="TestCases.LogInGoogle"/>
        <method signature="IdentifyBikes.choose_manu()[pri:3, instance:TestCases.IdentifyBikes@24313fcc]" name="choose_manu" class="TestCases.IdentifyBikes"/>
      </group> <!-- sanity -->
    </groups>
    <test started-at="2024-03-05T09:16:13 IST" name="Test" finished-at="2024-03-05T09:19:11 IST" duration-ms="177963">
      <class name="TestCases.Identify_UsedCars">
        <test-method is-config="true" signature="setup(java.lang.String,java.lang.String)[pri:0, instance:TestCases.Identify_UsedCars@2df3b89c]" started-at="2024-03-05T09:17:14 IST" name="setup" finished-at="2024-03-05T09:17:52 IST" duration-ms="37592" status="PASS">
          <params>
            <param index="0">
              <value>
                <![CDATA[Windows]]>
              </value>
            </param>
            <param index="1">
              <value>
                <![CDATA[chrome]]>
              </value>
            </param>
          </params>
          <reporter-output>
          </reporter-output>
        </test-method> <!-- setup -->
        <test-method signature="verify_url()[pri:1, instance:TestCases.Identify_UsedCars@2df3b89c]" started-at="2024-03-05T09:17:52 IST" name="verify_url" finished-at="2024-03-05T09:17:52 IST" duration-ms="316" status="PASS">
          <reporter-output>
          </reporter-output>
        </test-method> <!-- verify_url -->
        <test-method signature="usedCars_menu()[pri:2, instance:TestCases.Identify_UsedCars@2df3b89c]" started-at="2024-03-05T09:17:53 IST" name="usedCars_menu" finished-at="2024-03-05T09:17:57 IST" duration-ms="4425" status="PASS">
          <reporter-output>
          </reporter-output>
        </test-method> <!-- usedCars_menu -->
        <test-method signature="verify_head()[pri:3, instance:TestCases.Identify_UsedCars@2df3b89c]" started-at="2024-03-05T09:17:57 IST" name="verify_head" finished-at="2024-03-05T09:17:57 IST" duration-ms="83" status="PASS">
          <reporter-output>
          </reporter-output>
        </test-method> <!-- verify_head -->
        <test-method signature="display_cars()[pri:4, instance:TestCases.Identify_UsedCars@2df3b89c]" started-at="2024-03-05T09:17:58 IST" name="display_cars" finished-at="2024-03-05T09:18:02 IST" duration-ms="4825" status="PASS">
          <reporter-output>
          </reporter-output>
        </test-method> <!-- display_cars -->
        <test-method is-config="true" signature="tearDown()[pri:0, instance:TestCases.Identify_UsedCars@2df3b89c]" started-at="2024-03-05T09:18:03 IST" name="tearDown" finished-at="2024-03-05T09:18:06 IST" duration-ms="3845" status="PASS">
          <reporter-output>
          </reporter-output>
        </test-method> <!-- tearDown -->
      </class> <!-- TestCases.Identify_UsedCars -->
      <class name="TestCases.IdentifyBikes">
        <test-method is-config="true" signature="setup(java.lang.String,java.lang.String)[pri:0, instance:TestCases.IdentifyBikes@24313fcc]" started-at="2024-03-05T09:16:14 IST" name="setup" finished-at="2024-03-05T09:16:55 IST" duration-ms="40629" status="PASS">
          <params>
            <param index="0">
              <value>
                <![CDATA[Windows]]>
              </value>
            </param>
            <param index="1">
              <value>
                <![CDATA[chrome]]>
              </value>
            </param>
          </params>
          <reporter-output>
          </reporter-output>
        </test-method> <!-- setup -->
        <test-method signature="verify_url()[pri:1, instance:TestCases.IdentifyBikes@24313fcc]" started-at="2024-03-05T09:16:55 IST" name="verify_url" finished-at="2024-03-05T09:16:55 IST" duration-ms="121" status="PASS">
          <reporter-output>
          </reporter-output>
        </test-method> <!-- verify_url -->
        <test-method signature="upcomingMenu()[pri:2, instance:TestCases.IdentifyBikes@24313fcc]" started-at="2024-03-05T09:16:56 IST" name="upcomingMenu" finished-at="2024-03-05T09:16:57 IST" duration-ms="1629" status="PASS">
          <reporter-output>
          </reporter-output>
        </test-method> <!-- upcomingMenu -->
        <test-method signature="choose_manu()[pri:3, instance:TestCases.IdentifyBikes@24313fcc]" started-at="2024-03-05T09:16:57 IST" name="choose_manu" finished-at="2024-03-05T09:16:59 IST" duration-ms="1806" status="PASS">
          <reporter-output>
          </reporter-output>
        </test-method> <!-- choose_manu -->
        <test-method signature="verify_head()[pri:4, instance:TestCases.IdentifyBikes@24313fcc]" started-at="2024-03-05T09:17:00 IST" name="verify_head" finished-at="2024-03-05T09:17:00 IST" duration-ms="643" status="PASS">
          <reporter-output>
          </reporter-output>
        </test-method> <!-- verify_head -->
        <test-method signature="display_bikes()[pri:5, instance:TestCases.IdentifyBikes@24313fcc]" started-at="2024-03-05T09:17:01 IST" name="display_bikes" finished-at="2024-03-05T09:17:09 IST" duration-ms="8502" status="PASS">
          <reporter-output>
          </reporter-output>
        </test-method> <!-- display_bikes -->
        <test-method is-config="true" signature="tearDown()[pri:0, instance:TestCases.IdentifyBikes@24313fcc]" started-at="2024-03-05T09:17:09 IST" name="tearDown" finished-at="2024-03-05T09:17:14 IST" duration-ms="4942" status="PASS">
          <reporter-output>
          </reporter-output>
        </test-method> <!-- tearDown -->
      </class> <!-- TestCases.IdentifyBikes -->
      <class name="TestCases.LogInGoogle">
        <test-method is-config="true" signature="setup(java.lang.String,java.lang.String)[pri:0, instance:TestCases.LogInGoogle@23348b5d]" started-at="2024-03-05T09:18:06 IST" name="setup" finished-at="2024-03-05T09:18:43 IST" duration-ms="36822" status="PASS">
          <params>
            <param index="0">
              <value>
                <![CDATA[Windows]]>
              </value>
            </param>
            <param index="1">
              <value>
                <![CDATA[chrome]]>
              </value>
            </param>
          </params>
          <reporter-output>
          </reporter-output>
        </test-method> <!-- setup -->
        <test-method signature="verify_url()[pri:1, instance:TestCases.LogInGoogle@23348b5d]" started-at="2024-03-05T09:18:43 IST" name="verify_url" finished-at="2024-03-05T09:18:44 IST" duration-ms="325" status="PASS">
          <reporter-output>
          </reporter-output>
        </test-method> <!-- verify_url -->
        <test-method signature="click_login()[pri:2, instance:TestCases.LogInGoogle@23348b5d]" started-at="2024-03-05T09:18:44 IST" name="click_login" finished-at="2024-03-05T09:18:48 IST" duration-ms="4317" status="PASS">
          <reporter-output>
          </reporter-output>
        </test-method> <!-- click_login -->
        <test-method signature="click_google_opt()[pri:3, instance:TestCases.LogInGoogle@23348b5d]" started-at="2024-03-05T09:18:48 IST" name="click_google_opt" finished-at="2024-03-05T09:18:49 IST" duration-ms="515" status="PASS">
          <reporter-output>
          </reporter-output>
        </test-method> <!-- click_google_opt -->
        <test-method signature="verify_LoginPage()[pri:4, instance:TestCases.LogInGoogle@23348b5d]" started-at="2024-03-05T09:18:51 IST" name="verify_LoginPage" finished-at="2024-03-05T09:19:02 IST" duration-ms="10048" status="FAIL">
          <exception class="java.lang.AssertionError">
            <message>
              <![CDATA[null]]>
            </message>
            <full-stacktrace>
              <![CDATA[java.lang.AssertionError: null
at org.testng.Assert.fail(Assert.java:111)
at org.testng.Assert.fail(Assert.java:116)
at TestCases.LogInGoogle.verify_LoginPage(LogInGoogle.java:55)
at java.base/jdk.internal.reflect.NativeMethodAccessorImpl.invoke0(Native Method)
at java.base/jdk.internal.reflect.NativeMethodAccessorImpl.invoke(NativeMethodAccessorImpl.java:77)
at java.base/jdk.internal.reflect.DelegatingMethodAccessorImpl.invoke(DelegatingMethodAccessorImpl.java:43)
at java.base/java.lang.reflect.Method.invoke(Method.java:568)
at org.testng.internal.invokers.MethodInvocationHelper.invokeMethod(MethodInvocationHelper.java:139)
at org.testng.internal.invokers.TestInvoker.invokeMethod(TestInvoker.java:664)
at org.testng.internal.invokers.TestInvoker.invokeTestMethod(TestInvoker.java:228)
at org.testng.internal.invokers.MethodRunner.runInSequence(MethodRunner.java:63)
at org.testng.internal.invokers.TestInvoker$MethodInvocationAgent.invoke(TestInvoker.java:961)
at org.testng.internal.invokers.TestInvoker.invokeTestMethods(TestInvoker.java:201)
at org.testng.internal.invokers.TestMethodWorker.invokeTestMethods(TestMethodWorker.java:148)
at org.testng.internal.invokers.TestMethodWorker.run(TestMethodWorker.java:128)
at java.base/java.util.ArrayList.forEach(ArrayList.java:1511)
at org.testng.TestRunner.privateRun(TestRunner.java:819)
at org.testng.TestRunner.run(TestRunner.java:619)
at org.testng.SuiteRunner.runTest(SuiteRunner.java:443)
at org.testng.SuiteRunner.runSequentially(SuiteRunner.java:437)
at org.testng.SuiteRunner.privateRun(SuiteRunner.java:397)
at org.testng.SuiteRunner.run(SuiteRunner.java:336)
at org.testng.SuiteRunnerWorker.runSuite(SuiteRunnerWorker.java:52)
at org.testng.SuiteRunnerWorker.run(SuiteRunnerWorker.java:95)
at org.testng.TestNG.runSuitesSequentially(TestNG.java:1301)
at org.testng.TestNG.runSuitesLocally(TestNG.java:1228)
at org.testng.TestNG.runSuites(TestNG.java:1134)
at org.testng.TestNG.run(TestNG.java:1101)
at org.testng.remote.AbstractRemoteTestNG.run(AbstractRemoteTestNG.java:115)
at org.testng.remote.RemoteTestNG.initAndRun(RemoteTestNG.java:251)
at org.testng.remote.RemoteTestNG.main(RemoteTestNG.java:77)
]]>
            </full-stacktrace>
          </exception> <!-- java.lang.AssertionError -->
          <reporter-output>
          </reporter-output>
        </test-method> <!-- verify_LoginPage -->
        <test-method signature="capture_msg()[pri:5, instance:TestCases.LogInGoogle@23348b5d]" started-at="2024-03-05T09:19:02 IST" name="capture_msg" finished-at="2024-03-05T09:19:07 IST" duration-ms="5279" status="PASS">
          <reporter-output>
          </reporter-output>
        </test-method> <!-- capture_msg -->
        <test-method is-config="true" signature="tearDown()[pri:0, instance:TestCases.LogInGoogle@23348b5d]" started-at="2024-03-05T09:19:07 IST" name="tearDown" finished-at="2024-03-05T09:19:11 IST" duration-ms="4026" status="PASS">
          <reporter-output>
          </reporter-output>
        </test-method> <!-- tearDown -->
      </class> <!-- TestCases.LogInGoogle -->
    </test> <!-- Test -->
  </suite> <!-- Suite -->
</testng-results>
